This is pdfTeX, Version 3.14159265-2.6-1.40.21 (TeX Live 2020/Debian) (preloaded format=pdflatex 2022.4.20)  29 APR 2022 06:37
entering extended mode
 restricted \write18 enabled.
 %&-line parsing enabled.
**main.tex
(./main.tex
LaTeX2e <2020-10-01> patch level 4
L3 programming layer <2021-01-09> xparse <2020-03-03>
(/usr/share/texlive/texmf-dist/tex/latex/base/book.cls
Document Class: book 2020/04/10 v1.4m Standard LaTeX document class
(/usr/share/texlive/texmf-dist/tex/latex/base/bk12.clo
File: bk12.clo 2020/04/10 v1.4m Standard LaTeX file (size option)
)
\c@part=\count177
\c@chapter=\count178
\c@section=\count179
\c@subsection=\count180
\c@subsubsection=\count181
\c@paragraph=\count182
\c@subparagraph=\count183
\c@figure=\count184
\c@table=\count185
\abovecaptionskip=\skip47
\belowcaptionskip=\skip48
\bibindent=\dimen138
)
(/usr/share/texlive/texmf-dist/tex/latex/base/inputenc.sty
Package: inputenc 2020/08/01 v1.3d Input encoding file
\inpenc@prehook=\toks15
\inpenc@posthook=\toks16
)
(/usr/share/texlive/texmf-dist/tex/latex/graphics/graphicx.sty
Package: graphicx 2020/09/09 v1.2b Enhanced LaTeX Graphics (DPC,SPQR)

(/usr/share/texlive/texmf-dist/tex/latex/graphics/keyval.sty
Package: keyval 2014/10/28 v1.15 key=value parser (DPC)
\KV@toks@=\toks17
)
(/usr/share/texlive/texmf-dist/tex/latex/graphics/graphics.sty
Package: graphics 2020/08/30 v1.4c Standard LaTeX Graphics (DPC,SPQR)

(/usr/share/texlive/texmf-dist/tex/latex/graphics/trig.sty
Package: trig 2016/01/03 v1.10 sin cos tan (DPC)
)
(/usr/share/texlive/texmf-dist/tex/latex/graphics-cfg/graphics.cfg
File: graphics.cfg 2016/06/04 v1.11 sample graphics configuration
)
Package graphics Info: Driver file: pdftex.def on input line 105.

(/usr/share/texlive/texmf-dist/tex/latex/graphics-def/pdftex.def
File: pdftex.def 2020/10/05 v1.2a Graphics/color driver for pdftex
))
\Gin@req@height=\dimen139
\Gin@req@width=\dimen140
)
(/usr/share/texlive/texmf-dist/tex/latex/l3backend/l3backend-pdftex.def
File: l3backend-pdftex.def 2020-01-29 L3 backend support: PDF output (pdfTeX)
\l__color_backend_stack_int=\count186
\l__pdf_internal_box=\box47
)
(./main.aux (./TeX_files/chapter01.aux))
\openout1 = `main.aux'.

LaTeX Font Info:    Checking defaults for OML/cmm/m/it on input line 5.
LaTeX Font Info:    ... okay on input line 5.
LaTeX Font Info:    Checking defaults for OMS/cmsy/m/n on input line 5.
LaTeX Font Info:    ... okay on input line 5.
LaTeX Font Info:    Checking defaults for OT1/cmr/m/n on input line 5.
LaTeX Font Info:    ... okay on input line 5.
LaTeX Font Info:    Checking defaults for T1/cmr/m/n on input line 5.
LaTeX Font Info:    ... okay on input line 5.
LaTeX Font Info:    Checking defaults for TS1/cmr/m/n on input line 5.
LaTeX Font Info:    ... okay on input line 5.
LaTeX Font Info:    Checking defaults for OMX/cmex/m/n on input line 5.
LaTeX Font Info:    ... okay on input line 5.
LaTeX Font Info:    Checking defaults for U/cmr/m/n on input line 5.
LaTeX Font Info:    ... okay on input line 5.

(/usr/share/texlive/texmf-dist/tex/context/base/mkii/supp-pdf.mkii
[Loading MPS to PDF converter (version 2006.09.02).]
\scratchcounter=\count187
\scratchdimen=\dimen141
\scratchbox=\box48
\nofMPsegments=\count188
\nofMParguments=\count189
\everyMPshowfont=\toks18
\MPscratchCnt=\count190
\MPscratchDim=\dimen142
\MPnumerator=\count191
\makeMPintoPDFobject=\count192
\everyMPtoPDFconversion=\toks19
) (/usr/share/texlive/texmf-dist/tex/latex/epstopdf-pkg/epstopdf-base.sty
Package: epstopdf-base 2020-01-24 v2.11 Base part for package epstopdf
Package epstopdf-base Info: Redefining graphics rule for `.eps' on input line 4
85.

(/usr/share/texlive/texmf-dist/tex/latex/latexconfig/epstopdf-sys.cfg
File: epstopdf-sys.cfg 2010/07/13 v1.3 Configuration of (r)epstopdf for TeX Liv
e
))
LaTeX Font Info:    External font `cmex10' loaded for size
(Font)              <14.4> on input line 12.
LaTeX Font Info:    External font `cmex10' loaded for size
(Font)              <7> on input line 12.

[1



{/var/lib/texmf/fonts/map/pdftex/updmap/pdftex.map}] [2

] (./main.toc
LaTeX Font Info:    External font `cmex10' loaded for size
(Font)              <12> on input line 1.
LaTeX Font Info:    External font `cmex10' loaded for size
(Font)              <8> on input line 1.
LaTeX Font Info:    External font `cmex10' loaded for size
(Font)              <6> on input line 1.
)
\tf@toc=\write3
\openout3 = `main.toc'.


[3] [4

]
\openout2 = `./TeX_files/chapter01.aux'.

 (./TeX_files/chapter01.tex
Underfull \hbox (badness 10000) in paragraph at lines 3--35

 []


Underfull \hbox (badness 10000) in paragraph at lines 3--35

 []


Underfull \hbox (badness 10000) in paragraph at lines 3--35

 []


Underfull \hbox (badness 10000) in paragraph at lines 3--35

 []


Underfull \hbox (badness 10000) in paragraph at lines 3--35

 []


Underfull \hbox (badness 10000) in paragraph at lines 3--35

 []


Underfull \hbox (badness 10000) in paragraph at lines 3--35

 []


Underfull \hbox (badness 10000) in paragraph at lines 3--35

 []


Underfull \hbox (badness 10000) in paragraph at lines 3--35

 []

[1

]
Underfull \hbox (badness 10000) in paragraph at lines 43--79

 []


Underfull \hbox (badness 10000) in paragraph at lines 43--79

 []


Underfull \hbox (badness 10000) in paragraph at lines 43--79

 []


Underfull \hbox (badness 10000) in paragraph at lines 43--79

 []


Underfull \hbox (badness 10000) in paragraph at lines 43--79

 []


Underfull \hbox (badness 10000) in paragraph at lines 43--79

 []


Underfull \hbox (badness 10000) in paragraph at lines 43--79

 []

[2] [3]
</home/denis/Projects/logic-matrix/matrix/bin/russian/client/images/center-grav
ity.jpeg, id=36, 225.84375pt x 225.84375pt>
File: /home/denis/Projects/logic-matrix/matrix/bin/russian/client/images/center
-gravity.jpeg Graphic file (type jpg)
<use /home/denis/Projects/logic-matrix/matrix/bin/russian/client/images/center-
gravity.jpeg>
Package pdftex.def Info: /home/denis/Projects/logic-matrix/matrix/bin/russian/c
lient/images/center-gravity.jpeg  used on input line 84.
(pdftex.def)             Requested size: 225.84319pt x 225.84319pt.

Underfull \hbox (badness 10000) in paragraph at lines 81--90

 []


Underfull \hbox (badness 10000) in paragraph at lines 81--90

 []


Underfull \hbox (badness 10000) in paragraph at lines 81--90

 []


Underfull \hbox (badness 10000) in paragraph at lines 81--90

 []


Underfull \hbox (badness 10000) in paragraph at lines 81--90

 []


Underfull \hbox (badness 10000) in paragraph at lines 81--90

 []


Underfull \vbox (badness 10000) has occurred while \output is active []

 [4]
Underfull \hbox (badness 10000) in paragraph at lines 91--100

 []


Underfull \hbox (badness 10000) in paragraph at lines 91--100

 []


Underfull \hbox (badness 10000) in paragraph at lines 91--100

 []


Underfull \hbox (badness 10000) in paragraph at lines 91--100

 []


Underfull \hbox (badness 10000) in paragraph at lines 91--100

 []


Underfull \hbox (badness 10000) in paragraph at lines 91--100

 []

[5 </home/denis/Projects/logic-matrix/matrix/bin/russian/client/images/center-g
ravity.jpeg>]
</home/denis/Projects/logic-matrix/matrix/bin/russian/client/images/center-grav
ity2.jpeg, id=43, 225.84375pt x 225.84375pt>
File: /home/denis/Projects/logic-matrix/matrix/bin/russian/client/images/center
-gravity2.jpeg Graphic file (type jpg)
<use /home/denis/Projects/logic-matrix/matrix/bin/russian/client/images/center-
gravity2.jpeg>
Package pdftex.def Info: /home/denis/Projects/logic-matrix/matrix/bin/russian/c
lient/images/center-gravity2.jpeg  used on input line 110.
(pdftex.def)             Requested size: 225.84319pt x 225.84319pt.

Underfull \hbox (badness 10000) in paragraph at lines 101--116

 []


Underfull \hbox (badness 10000) in paragraph at lines 101--116

 []


Underfull \hbox (badness 10000) in paragraph at lines 101--116

 []


Underfull \hbox (badness 10000) in paragraph at lines 101--116

 []


Underfull \hbox (badness 10000) in paragraph at lines 101--116

 []


Underfull \hbox (badness 10000) in paragraph at lines 101--116

 []


Underfull \hbox (badness 10000) in paragraph at lines 101--116

 []


Underfull \hbox (badness 10000) in paragraph at lines 101--116

 []


Underfull \vbox (badness 10000) has occurred while \output is active []

 [6]
Underfull \hbox (badness 10000) in paragraph at lines 117--126

 []


Underfull \hbox (badness 10000) in paragraph at lines 117--126

 []


Overfull \hbox (82.4026pt too wide) in paragraph at lines 117--126
[]$\OT1/cmr/m/n/12 ;$[]$;$[]$;$[]$; $[]$;$[]$;$[]$; $[]$ 
 []


Underfull \hbox (badness 10000) in paragraph at lines 117--126

 []

[7 </home/denis/Projects/logic-matrix/matrix/bin/russian/client/images/center-g
ravity2.jpeg>]
Underfull \hbox (badness 10000) in paragraph at lines 127--146

 []


Underfull \hbox (badness 10000) in paragraph at lines 127--146

 []


Underfull \hbox (badness 10000) in paragraph at lines 127--146

 []


Underfull \hbox (badness 10000) in paragraph at lines 127--146

 []


Underfull \hbox (badness 10000) in paragraph at lines 127--146

 []


Underfull \hbox (badness 10000) in paragraph at lines 127--146

 []


Underfull \hbox (badness 10000) in paragraph at lines 127--146

 []

[8]
Underfull \hbox (badness 10000) in paragraph at lines 147--159

 []


Underfull \hbox (badness 10000) in paragraph at lines 147--159

 []


Underfull \hbox (badness 10000) in paragraph at lines 147--159

 []


Underfull \hbox (badness 10000) in paragraph at lines 147--159

 []


Underfull \hbox (badness 10000) in paragraph at lines 147--159

 []

</home/denis/Projects/logic-matrix/matrix/bin/russian/client/images/circles-sph
ere.jpeg, id=53, 225.84375pt x 225.84375pt>
File: /home/denis/Projects/logic-matrix/matrix/bin/russian/client/images/circle
s-sphere.jpeg Graphic file (type jpg)
<use /home/denis/Projects/logic-matrix/matrix/bin/russian/client/images/circles
-sphere.jpeg>
Package pdftex.def Info: /home/denis/Projects/logic-matrix/matrix/bin/russian/c
lient/images/circles-sphere.jpeg  used on input line 165.
(pdftex.def)             Requested size: 225.84319pt x 225.84319pt.
</home/denis/Projects/logic-matrix/matrix/bin/russian/client/images/dialog-self
.jpeg, id=54, 225.84375pt x 225.84375pt>
File: /home/denis/Projects/logic-matrix/matrix/bin/russian/client/images/dialog
-self.jpeg Graphic file (type jpg)
<use /home/denis/Projects/logic-matrix/matrix/bin/russian/client/images/dialog-
self.jpeg>
Package pdftex.def Info: /home/denis/Projects/logic-matrix/matrix/bin/russian/c
lient/images/dialog-self.jpeg  used on input line 171.
(pdftex.def)             Requested size: 225.84319pt x 225.84319pt.
</home/denis/Projects/logic-matrix/matrix/bin/russian/client/images/silent-args
.jpeg, id=55, 225.84375pt x 225.84375pt>
File: /home/denis/Projects/logic-matrix/matrix/bin/russian/client/images/silent
-args.jpeg Graphic file (type jpg)
<use /home/denis/Projects/logic-matrix/matrix/bin/russian/client/images/silent-
args.jpeg>
Package pdftex.def Info: /home/denis/Projects/logic-matrix/matrix/bin/russian/c
lient/images/silent-args.jpeg  used on input line 175.
(pdftex.def)             Requested size: 225.84319pt x 225.84319pt.
</home/denis/Projects/logic-matrix/matrix/bin/russian/client/images/deca-grams.
jpeg, id=56, 225.84375pt x 225.84375pt>
File: /home/denis/Projects/logic-matrix/matrix/bin/russian/client/images/deca-g
rams.jpeg Graphic file (type jpg)
<use /home/denis/Projects/logic-matrix/matrix/bin/russian/client/images/deca-gr
ams.jpeg>
Package pdftex.def Info: /home/denis/Projects/logic-matrix/matrix/bin/russian/c
lient/images/deca-grams.jpeg  used on input line 180.
(pdftex.def)             Requested size: 225.84319pt x 225.84319pt.
)
Underfull \hbox (badness 10000) in paragraph at lines 160--16

 []


Underfull \hbox (badness 10000) in paragraph at lines 160--16

 []


Underfull \hbox (badness 10000) in paragraph at lines 160--16

 []


Underfull \hbox (badness 10000) in paragraph at lines 160--16

 []


Underfull \hbox (badness 10000) in paragraph at lines 160--16

 []


Underfull \hbox (badness 10000) in paragraph at lines 160--16

 []


Underfull \hbox (badness 10000) in paragraph at lines 160--16

 []


Underfull \hbox (badness 10000) in paragraph at lines 160--16

 []


Underfull \hbox (badness 10000) in paragraph at lines 160--16

 []


Underfull \hbox (badness 10000) in paragraph at lines 160--16

 []


Underfull \hbox (badness 10000) in paragraph at lines 160--16

 []


Underfull \hbox (badness 10000) in paragraph at lines 160--16

 []

[9]
Underfull \vbox (badness 10000) has occurred while \output is active []

 [10 </home/denis/Projects/logic-matrix/matrix/bin/russian/client/images/circle
s-sphere.jpeg>]
Underfull \vbox (badness 10000) has occurred while \output is active []

 [11 </home/denis/Projects/logic-matrix/matrix/bin/russian/client/images/dialog
-self.jpeg> </home/denis/Projects/logic-matrix/matrix/bin/russian/client/images
/silent-args.jpeg>] [12 </home/denis/Projects/logic-matrix/matrix/bin/russian/c
lient/images/deca-grams.jpeg>] (./main.aux (./TeX_files/chapter01.aux)) ) 
Here is how much of TeX's memory you used:
 1325 strings out of 481252
 22395 string characters out of 5915888
 298862 words of memory out of 5000000
 18276 multiletter control sequences out of 15000+600000
 410518 words of font info for 50 fonts, out of 8000000 for 9000
 14 hyphenation exceptions out of 8191
 68i,6n,74p,845b,181s stack positions out of 5000i,500n,10000p,200000b,80000s
</usr/
share/texlive/texmf-dist/fonts/type1/public/amsfonts/cm/cmbx12.pfb></usr/share/
texlive/texmf-dist/fonts/type1/public/amsfonts/cm/cmbx8.pfb></usr/share/texlive
/texmf-dist/fonts/type1/public/amsfonts/cm/cmcsc10.pfb></usr/share/texlive/texm
f-dist/fonts/type1/public/amsfonts/cm/cmmi12.pfb></usr/share/texlive/texmf-dist
/fonts/type1/public/amsfonts/cm/cmmi8.pfb></usr/share/texlive/texmf-dist/fonts/
type1/public/amsfonts/cm/cmr12.pfb></usr/share/texlive/texmf-dist/fonts/type1/p
ublic/amsfonts/cm/cmr17.pfb></usr/share/texlive/texmf-dist/fonts/type1/public/a
msfonts/cm/cmr8.pfb></usr/share/texlive/texmf-dist/fonts/type1/public/amsfonts/
cm/cmsl12.pfb></usr/share/texlive/texmf-dist/fonts/type1/public/amsfonts/cm/cms
y10.pfb></usr/share/texlive/texmf-dist/fonts/type1/public/amsfonts/cm/cmti12.pf
b>
Output written on main.pdf (16 pages, 231346 bytes).
PDF statistics:
 106 PDF objects out of 1000 (max. 8388607)
 70 compressed objects within 1 object stream
 0 named destinations out of 1000 (max. 500000)
 31 words of extra memory for PDF output out of 10000 (max. 10000000)

